<?xml version="1.0" encoding="UTF-8"?>
<testng-results ignored="0" total="1" passed="1" failed="0" skipped="0">
  <reporter-output>
  </reporter-output>
  <suite started-at="2024-04-18T15:06:56Z" name="Default suite" finished-at="2024-04-18T15:08:46Z" duration-ms="109677">
    <groups>
    </groups>
    <test started-at="2024-04-18T15:06:56Z" name="Default test" finished-at="2024-04-18T15:08:46Z" duration-ms="109677">
      <class name="sakiba.com.CloudApper">
        <test-method is-config="true" signature="setDriver()[pri:0, instance:sakiba.com.CloudApper@22d7b4f8]" started-at="2024-04-18T15:06:56Z" name="setDriver" finished-at="2024-04-18T15:06:56Z" duration-ms="796" status="PASS">
          <reporter-output>
          </reporter-output>
        </test-method> <!-- setDriver -->
        <test-method signature="download()[pri:0, instance:sakiba.com.CloudApper@22d7b4f8]" started-at="2024-04-18T15:06:56Z" name="download" finished-at="2024-04-18T15:08:46Z" duration-ms="109664" status="PASS">
          <reporter-output>
          </reporter-output>
        </test-method> <!-- download -->
        <test-method is-config="true" signature="off()[pri:0, instance:sakiba.com.CloudApper@22d7b4f8]" started-at="2024-04-18T15:08:46Z" name="off" finished-at="2024-04-18T15:08:46Z" duration-ms="61" status="PASS">
          <reporter-output>
          </reporter-output>
        </test-method> <!-- off -->
      </class> <!-- sakiba.com.CloudApper -->
    </test> <!-- Default test -->
  </suite> <!-- Default suite -->
</testng-results>
